Flow report for DE10Lite_MLP_Computer
Tue May 13 18:19:27 2025
Quartus Prime Version 18.1.0 Build 625 09/12/2018 SJ Lite Edition


---------------------
; Table of Contents ;
---------------------
  1. Legal Notice
  2. Flow Summary
  3. Flow Settings
  4. Flow Non-Default Global Settings
  5. Flow Elapsed Time
  6. Flow OS Summary
  7. Flow Log
  8. Flow Messages
  9. Flow Suppressed Messages



----------------
; Legal Notice ;
----------------
Copyright (C) 2018  Intel Corporation. All rights reserved.
Your use of Intel Corporation's design tools, logic functions 
and other software and tools, and its AMPP partner logic 
functions, and any output files from any of the foregoing 
(including device programming or simulation files), and any 
associated documentation or information are expressly subject 
to the terms and conditions of the Intel Program License 
Subscription Agreement, the Intel Quartus Prime License Agreement,
the Intel FPGA IP License Agreement, or other applicable license
agreement, including, without limitation, that your use is for
the sole purpose of programming logic devices manufactured by
Intel and sold by Intel or its authorized distributors.  Please
refer to the applicable agreement for further details.



+----------------------------------------------------------------------------------+
; Flow Summary                                                                     ;
+------------------------------------+---------------------------------------------+
; Flow Status                        ; Successful - Tue May 13 18:19:16 2025       ;
; Quartus Prime Version              ; 18.1.0 Build 625 09/12/2018 SJ Lite Edition ;
; Revision Name                      ; DE10Lite_MLP_Computer                       ;
; Top-level Entity Name              ; DE10Lite_MLP                                ;
; Family                             ; MAX 10                                      ;
; Device                             ; 10M50DAF484C7G                              ;
; Timing Models                      ; Final                                       ;
; Total logic elements               ; 13,251 / 49,760 ( 27 % )                    ;
;     Total combinational functions  ; 10,688 / 49,760 ( 21 % )                    ;
;     Dedicated logic registers      ; 10,240 / 49,760 ( 21 % )                    ;
; Total registers                    ; 10309                                       ;
; Total pins                         ; 110 / 360 ( 31 % )                          ;
; Total virtual pins                 ; 0                                           ;
; Total memory bits                  ; 11,264 / 1,677,312 ( < 1 % )                ;
; Embedded Multiplier 9-bit elements ; 102 / 288 ( 35 % )                          ;
; Total PLLs                         ; 1 / 4 ( 25 % )                              ;
; UFM blocks                         ; 0 / 1 ( 0 % )                               ;
; ADC blocks                         ; 0 / 2 ( 0 % )                               ;
+------------------------------------+---------------------------------------------+


+-------------------------------------------+
; Flow Settings                             ;
+-------------------+-----------------------+
; Option            ; Setting               ;
+-------------------+-----------------------+
; Start date & time ; 05/13/2025 18:16:13   ;
; Main task         ; Compilation           ;
; Revision Name     ; DE10Lite_MLP_Computer ;
+-------------------+-----------------------+


+----------------------------------------------------------------------------------------------------------------------------------------------------------------------------------------+
; Flow Non-Default Global Settings                                                                                                                                                       ;
+-------------------------------------+--------------------------------------------------------------------------------+-----------------------+----------------------------+------------+
; Assignment Name                     ; Value                                                                          ; Default Value         ; Entity Name                ; Section Id ;
+-------------------------------------+--------------------------------------------------------------------------------+-----------------------+----------------------------+------------+
; COMPILER_SIGNATURE_ID               ; 121376323146.174715297311212                                                   ; --                    ; --                         ; --         ;
; MAX_CORE_JUNCTION_TEMP              ; 85                                                                             ; --                    ; --                         ; --         ;
; MIN_CORE_JUNCTION_TEMP              ; 0                                                                              ; --                    ; --                         ; --         ;
; MISC_FILE                           ; DE10Lite_MLP_Computer_QSYS/synthesis/../DE10Lite_MLP_Computer_QSYS.cmp         ; --                    ; --                         ; --         ;
; MISC_FILE                           ; DE10Lite_MLP_Computer_QSYS/synthesis/../../DE10Lite_MLP_Computer_QSYS.qsys     ; --                    ; --                         ; --         ;
; NUM_PARALLEL_PROCESSORS             ; All                                                                            ; --                    ; --                         ; --         ;
; OUTPUT_IO_TIMING_FAR_END_VMEAS      ; Half Signal Swing                                                              ; --                    ; --                         ; --         ;
; OUTPUT_IO_TIMING_FAR_END_VMEAS      ; Half Signal Swing                                                              ; --                    ; --                         ; --         ;
; OUTPUT_IO_TIMING_NEAR_END_VMEAS     ; Half Vccio                                                                     ; --                    ; --                         ; --         ;
; OUTPUT_IO_TIMING_NEAR_END_VMEAS     ; Half Vccio                                                                     ; --                    ; --                         ; --         ;
; PARTITION_COLOR                     ; -- (Not supported for targeted family)                                         ; --                    ; DE10Lite_MLP               ; Top        ;
; PARTITION_FITTER_PRESERVATION_LEVEL ; -- (Not supported for targeted family)                                         ; --                    ; DE10Lite_MLP               ; Top        ;
; PARTITION_NETLIST_TYPE              ; -- (Not supported for targeted family)                                         ; --                    ; DE10Lite_MLP               ; Top        ;
; POWER_BOARD_THERMAL_MODEL           ; None (CONSERVATIVE)                                                            ; --                    ; --                         ; --         ;
; POWER_PRESET_COOLING_SOLUTION       ; 23 MM HEAT SINK WITH 200 LFPM AIRFLOW                                          ; --                    ; --                         ; --         ;
; SLD_FILE                            ; DE10Lite_MLP_Computer_QSYS/synthesis/DE10Lite_MLP_Computer_QSYS.regmap         ; --                    ; --                         ; --         ;
; SLD_FILE                            ; DE10Lite_MLP_Computer_QSYS/synthesis/DE10Lite_MLP_Computer_QSYS.debuginfo      ; --                    ; --                         ; --         ;
; SLD_INFO                            ; QSYS_NAME DE10Lite_MLP_Computer_QSYS HAS_SOPCINFO 1 GENERATION_ID 1747152705   ; --                    ; DE10Lite_MLP_Computer_QSYS ; --         ;
; SOPCINFO_FILE                       ; DE10Lite_MLP_Computer_QSYS/synthesis/../../DE10Lite_MLP_Computer_QSYS.sopcinfo ; --                    ; --                         ; --         ;
; SYNTHESIS_ONLY_QIP                  ; On                                                                             ; --                    ; --                         ; --         ;
; TOP_LEVEL_ENTITY                    ; DE10Lite_MLP                                                                   ; DE10Lite_MLP_Computer ; --                         ; --         ;
+-------------------------------------+--------------------------------------------------------------------------------+-----------------------+----------------------------+------------+


+--------------------------------------------------------------------------------------------------------------------------+
; Flow Elapsed Time                                                                                                        ;
+----------------------+--------------+-------------------------+---------------------+------------------------------------+
; Module Name          ; Elapsed Time ; Average Processors Used ; Peak Virtual Memory ; Total CPU Time (on all processors) ;
+----------------------+--------------+-------------------------+---------------------+------------------------------------+
; Analysis & Synthesis ; 00:01:17     ; 1.0                     ; 13542 MB            ; 00:01:32                           ;
; Fitter               ; 00:01:29     ; 1.3                     ; 14450 MB            ; 00:02:47                           ;
; Assembler            ; 00:00:05     ; 1.0                     ; 13198 MB            ; 00:00:04                           ;
; Timing Analyzer      ; 00:00:10     ; 2.2                     ; 13431 MB            ; 00:00:19                           ;
; Total                ; 00:03:01     ; --                      ; --                  ; 00:04:42                           ;
+----------------------+--------------+-------------------------+---------------------+------------------------------------+


+------------------------------------------------------------------------------------+
; Flow OS Summary                                                                    ;
+----------------------+------------------+------------+------------+----------------+
; Module Name          ; Machine Hostname ; OS Name    ; OS Version ; Processor type ;
+----------------------+------------------+------------+------------+----------------+
; Analysis & Synthesis ; FEDERICOBARD918  ; Windows 10 ; 10.0       ; x86_64         ;
; Fitter               ; FEDERICOBARD918  ; Windows 10 ; 10.0       ; x86_64         ;
; Assembler            ; FEDERICOBARD918  ; Windows 10 ; 10.0       ; x86_64         ;
; Timing Analyzer      ; FEDERICOBARD918  ; Windows 10 ; 10.0       ; x86_64         ;
+----------------------+------------------+------------+------------+----------------+


------------
; Flow Log ;
------------
quartus_map --read_settings_files=on --write_settings_files=off DE10Lite_MLP_Computer -c DE10Lite_MLP_Computer
quartus_fit --read_settings_files=off --write_settings_files=off DE10Lite_MLP_Computer -c DE10Lite_MLP_Computer
quartus_asm --read_settings_files=off --write_settings_files=off DE10Lite_MLP_Computer -c DE10Lite_MLP_Computer
quartus_sta DE10Lite_MLP_Computer -c DE10Lite_MLP_Computer



